#
# A fatal error has been detected by the Java Runtime Environment:
#
#  EXCEPTION_UNCAUGHT_CXX_EXCEPTION (0xe06d7363) at pc=0x00007fff57138b9c, pid=7504, tid=6488
#
# JRE version: 7.0_21-b11
# Java VM: Java HotSpot(TM) 64-Bit Server VM (23.21-b01 mixed mode windows-amd64 )
# Problematic frame:
# C  [KERNELBASE.dll+0x8b9c]  RaiseException+0x6c
#
# Failed to write core dump. Minidumps are not enabled by default on client versions of Windows
#
# If you would like to submit a bug report, please visit:
#   http://bugreport.sun.com/bugreport/crash.jsp
# The crash happened outside the Java Virtual Machine in native code.
# See problematic frame for where to report the bug.
#

---------------  T H R E A D  ---------------

Current thread (0x000000001caf5800):  JavaThread "main" [_thread_in_native, id=6488, stack(0x0000000000040000,0x0000000000230000)]

siginfo: ExceptionCode=0xe06d7363, ExceptionInformation=0x0000000019930520 0x0000000000227e60 0x00007fff3dfd2b48 0x00007fff3df20000 

Registers:
RAX=0x00ffe3fb8f7bfe47, RBX=0x00007fff3dfd2b48, RCX=0x9db9c3da00000000, RDX=0xeef91f6500ff6845
RSP=0x0000000000227cf0, RBP=0x0000000000227e30, RSI=0x0000000000000282, RDI=0x0000000000228118
R8 =0x47af00ffe3fb8f7b, R9 =0x68459db9c3da8324, R10=0xef3feef91f6500ff, R11=0x7bfe47d900000000
R12=0x00000001bb484a90, R13=0x0000000000000000, R14=0x0000000000228780, R15=0x0000000000000001
RIP=0x00007fff57138b9c, EFLAGS=0x0000000000000202

Top of Stack: (sp=0x0000000000227cf0)
0x0000000000227cf0:   0000000000558030 00007fff3dfd2b48
0x0000000000227d00:   0000000000000282 0000000000228118
0x0000000000227d10:   00000001e06d7363 0000000000000000
0x0000000000227d20:   00007fff57138b9c 0000000000000004
0x0000000000227d30:   0000000019930520 0000000000227e60
0x0000000000227d40:   00007fff3dfd2b48 00007fff3df20000
0x0000000000227d50:   000000000000006c 0000000000227dd0
0x0000000000227d60:   0000000000227e90 0000000000227ea0
0x0000000000227d70:   000000001cabe3e0 00007fff40e87cf8
0x0000000000227d80:   0000000000000441 0000000000227f00
0x0000000000227d90:   0000000000227ec0 0000000000227f00
0x0000000000227da0:   0000000000000001 0000000000228780
0x0000000000227db0:   0000895e697a0571 0000000000228118
0x0000000000227dc0:   0000000000000282 00007fff3df7e92c
0x0000000000227dd0:   00007fff3dfd2b48 0000000000227e40
0x0000000000227de0:   0000000000000001 0000000000000000 

Instructions: (pc=0x00007fff57138b9c)
0x00007fff57138b7c:   44 3b c0 44 0f 47 c0 44 89 44 24 38 49 c1 e0 03
0x00007fff57138b8c:   e8 b3 8a ff ff 48 8d 4c 24 20 ff 15 d4 0a 10 00
0x00007fff57138b9c:   48 8b 8c 24 c0 00 00 00 48 33 cc e8 94 88 ff ff
0x00007fff57138bac:   48 81 c4 d8 00 00 00 c3 90 90 90 90 90 90 90 90 


Register to memory mapping:

RAX=0x00ffe3fb8f7bfe47 is an unknown value
RBX=0x00007fff3dfd2b48 is an unknown value
RCX=0x9db9c3da00000000 is an unknown value
RDX=0xeef91f6500ff6845 is an unknown value
RSP=0x0000000000227cf0 is pointing into the stack for thread: 0x000000001caf5800
RBP=0x0000000000227e30 is pointing into the stack for thread: 0x000000001caf5800
RSI=0x0000000000000282 is an unknown value
RDI=0x0000000000228118 is pointing into the stack for thread: 0x000000001caf5800
R8 =0x47af00ffe3fb8f7b is an unknown value
R9 =0x68459db9c3da8324 is an unknown value
R10=0xef3feef91f6500ff is an unknown value
R11=0x7bfe47d900000000 is an unknown value
R12=0x00000001bb484a90 is an unknown value
R13=0x0000000000000000 is an unknown value
R14=0x0000000000228780 is pointing into the stack for thread: 0x000000001caf5800
R15=0x0000000000000001 is an unknown value


Stack: [0x0000000000040000,0x0000000000230000],  sp=0x0000000000227cf0,  free space=1951k
Native frames: (J=compiled Java code, j=interpreted, Vv=VM code, C=native code)
C  [KERNELBASE.dll+0x8b9c]  RaiseException+0x6c

Java frames: (J=compiled Java code, j=interpreted, Vv=VM code)
j  Gui.PD_Section.PD_Section_MakeSection_1(LGui/StringTool_String;Z)LGui/SectionDS_Section;+0
J  com.geomodeller.model.utils.ProjectAssembler_v2_0_0.LoadSection(Lcom/geomodeller/geo/DataSectionType;)LGui/Projet_Data;
j  com.geomodeller.model.utils.ProjectAssembler_v2_0_0.loadSections(Lcom/geomodeller/geo/Project3DEditType;)V+52
j  com.geomodeller.model.utils.ProjectAssembler_v2_0_0.loadAProject(Lcom/geomodeller/geo/Project3DEditType;Lcom/dfa/ui/UIcontext;)V+308
j  com.geomodeller.model.utils.ProjectAssembler_v2_0_0.load(Ljava/io/File;Lcom/dfa/ui/UIcontext;)Z+97
j  com.geomodeller.model.utils.ProjectAssembler_v2_0_0.load(Ljava/io/File;Lcom/geomodeller/model/utils/IProjectAssembler$SupportedVersion;Lcom/dfa/ui/UIcontext;)Z+8
j  GuiJava.driverXml.GeomodellerXmlDriver.loadProject(Ljava/net/URI;ZLcom/dfa/ui/UIcontext;)Z+131
j  GuiJava.driverXml.GeomodellerXmlDriver.loadProject(Ljava/lang/String;Z)Z+23
v  ~StubRoutines::call_stub

---------------  P R O C E S S  ---------------

Java Threads: ( => current thread )
  0x0000000029457000 JavaThread "dfa.memorychecker[213]" daemon [_thread_blocked, id=4776, stack(0x00000001c83d0000,0x00000001c85c0000)]
  0x0000000029457800 JavaThread "dfa.memorychecker[212]" daemon [_thread_blocked, id=8812, stack(0x00000001c7ca0000,0x00000001c7e90000)]
  0x0000000029456000 JavaThread "dfa.memorychecker[211]" daemon [_thread_blocked, id=2540, stack(0x00000001c7f40000,0x00000001c8130000)]
  0x0000000029455800 JavaThread "dfa.memorychecker[210]" daemon [_thread_blocked, id=5760, stack(0x00000001c4c40000,0x00000001c4e30000)]
  0x0000000029451000 JavaThread "dfa.memorychecker[209]" daemon [_thread_blocked, id=4408, stack(0x00000001c4ee0000,0x00000001c50d0000)]
  0x0000000029454000 JavaThread "dfa.memorychecker[208]" daemon [_thread_blocked, id=2824, stack(0x00000001c0fe0000,0x00000001c11d0000)]
  0x0000000029450000 JavaThread "dfa.memorychecker[207]" daemon [_thread_blocked, id=4324, stack(0x00000001c1280000,0x00000001c1470000)]
  0x0000000029453000 JavaThread "dfa.memorychecker[206]" daemon [_thread_blocked, id=10000, stack(0x00000001c0b50000,0x00000001c0d40000)]
  0x0000000029452800 JavaThread "dfa.memorychecker[205]" daemon [_thread_blocked, id=584, stack(0x00000001c0df0000,0x00000001c0fe0000)]
  0x0000000029451800 JavaThread "dfa.memorychecker[204]" daemon [_thread_blocked, id=1188, stack(0x00000001c06c0000,0x00000001c08b0000)]
  0x000000002944c800 JavaThread "dfa.memorychecker[203]" daemon [_thread_blocked, id=1452, stack(0x00000001c0960000,0x00000001c0b50000)]
  0x000000002944f800 JavaThread "dfa.memorychecker[202]" daemon [_thread_blocked, id=7628, stack(0x00000001b4a30000,0x00000001b4c20000)]
  0x000000002944e800 JavaThread "dfa.memorychecker[201]" daemon [_thread_blocked, id=4032, stack(0x00000001b4cd0000,0x00000001b4ec0000)]
  0x000000002944e000 JavaThread "dfa.memorychecker[200]" daemon [_thread_blocked, id=4396, stack(0x00000001b45a0000,0x00000001b4790000)]
  0x000000002944b800 JavaThread "dfa.memorychecker[199]" daemon [_thread_blocked, id=9940, stack(0x00000001b4840000,0x00000001b4a30000)]
  0x000000002944a000 JavaThread "dfa.memorychecker[198]" daemon [_thread_blocked, id=7832, stack(0x00000001aef00000,0x00000001af0f0000)]
  0x000000002944b000 JavaThread "dfa.memorychecker[197]" daemon [_thread_blocked, id=8508, stack(0x00000001af1a0000,0x00000001af390000)]
  0x000000002944d000 JavaThread "dfa.memorychecker[196]" daemon [_thread_blocked, id=6308, stack(0x00000001aea70000,0x00000001aec60000)]
  0x0000000029446800 JavaThread "dfa.memorychecker[195]" daemon [_thread_blocked, id=9936, stack(0x00000001aed10000,0x00000001aef00000)]
  0x0000000029449800 JavaThread "dfa.memorychecker[194]" daemon [_thread_blocked, id=6868, stack(0x00000001a7940000,0x00000001a7b30000)]
  0x0000000029445800 JavaThread "dfa.memorychecker[193]" daemon [_thread_blocked, id=8460, stack(0x00000001a7be0000,0x00000001a7dd0000)]
  0x0000000029448800 JavaThread "dfa.memorychecker[192]" daemon [_thread_blocked, id=7576, stack(0x00000001a74b0000,0x00000001a76a0000)]
  0x0000000029447000 JavaThread "dfa.memorychecker[191]" daemon [_thread_blocked, id=6164, stack(0x00000001a7750000,0x00000001a7940000)]
  0x0000000029445000 JavaThread "dfa.memorychecker[190]" daemon [_thread_blocked, id=5344, stack(0x00000001a1890000,0x00000001a1a80000)]
  0x0000000029448000 JavaThread "dfa.memorychecker[189]" daemon [_thread_blocked, id=7752, stack(0x00000001a1b30000,0x00000001a1d20000)]
  0x0000000029550800 JavaThread "dfa.memorychecker[188]" daemon [_thread_blocked, id=7528, stack(0x00000001a1410000,0x00000001a1600000)]
  0x000000002954f800 JavaThread "dfa.memorychecker[187]" daemon [_thread_blocked, id=3968, stack(0x00000001a16a0000,0x00000001a1890000)]
  0x000000002954c000 JavaThread "dfa.memorychecker[186]" daemon [_thread_blocked, id=736, stack(0x000000019b820000,0x000000019ba10000)]
  0x000000002954e000 JavaThread "dfa.memorychecker[185]" daemon [_thread_blocked, id=9856, stack(0x000000019bac0000,0x000000019bcb0000)]
  0x000000002954f000 JavaThread "dfa.memorychecker[184]" daemon [_thread_blocked, id=6908, stack(0x000000019b390000,0x000000019b580000)]
  0x000000002954d800 JavaThread "dfa.memorychecker[183]" daemon [_thread_blocked, id=5840, stack(0x000000019b630000,0x000000019b820000)]
  0x0000000029549800 JavaThread "dfa.memorychecker[182]" daemon [_thread_blocked, id=5784, stack(0x0000000198290000,0x0000000198480000)]
  0x000000002954c800 JavaThread "dfa.memorychecker[181]" daemon [_thread_blocked, id=6300, stack(0x0000000198530000,0x0000000198720000)]
  0x0000000029548000 JavaThread "dfa.memorychecker[180]" daemon [_thread_blocked, id=9904, stack(0x0000000197e00000,0x0000000197ff0000)]
  0x0000000029548800 JavaThread "dfa.memorychecker[179]" daemon [_thread_blocked, id=8420, stack(0x00000001980a0000,0x0000000198290000)]
  0x000000002954b000 JavaThread "dfa.memorychecker[178]" daemon [_thread_blocked, id=5352, stack(0x000000018bc00000,0x000000018bdf0000)]
  0x000000002954a000 JavaThread "dfa.memorychecker[177]" daemon [_thread_blocked, id=7360, stack(0x000000018be90000,0x000000018c080000)]
  0x0000000029544000 JavaThread "dfa.memorychecker[176]" daemon [_thread_blocked, id=9492, stack(0x000000018b770000,0x000000018b960000)]
  0x0000000029546800 JavaThread "dfa.memorychecker[175]" daemon [_thread_blocked, id=9388, stack(0x000000018ba10000,0x000000018bc00000)]
  0x0000000029547000 JavaThread "dfa.memorychecker[174]" daemon [_thread_blocked, id=7252, stack(0x00000001894a0000,0x0000000189690000)]
  0x0000000029542800 JavaThread "dfa.memorychecker[173]" daemon [_thread_blocked, id=2340, stack(0x0000000188bd0000,0x0000000188dc0000)]
  0x0000000029545800 JavaThread "dfa.memorychecker[172]" daemon [_thread_blocked, id=6500, stack(0x0000000188740000,0x0000000188930000)]
  0x0000000029545000 JavaThread "dfa.memorychecker[171]" daemon [_thread_blocked, id=2296, stack(0x00000001889e0000,0x0000000188bd0000)]
  0x0000000029541000 JavaThread "dfa.memorychecker[170]" daemon [_thread_blocked, id=4864, stack(0x00000001826b0000,0x00000001828a0000)]
  0x0000000029543800 JavaThread "dfa.memorychecker[169]" daemon [_thread_blocked, id=5180, stack(0x0000000182940000,0x0000000182b30000)]
  0x0000000029542000 JavaThread "dfa.memorychecker[168]" daemon [_thread_blocked, id=796, stack(0x000000017fc30000,0x000000017fe20000)]
  0x000000001dc5d800 JavaThread "dfa.memorychecker[167]" daemon [_thread_blocked, id=5316, stack(0x000000017fa40000,0x000000017fc30000)]
  0x000000001dc5d000 JavaThread "dfa.memorychecker[166]" daemon [_thread_blocked, id=8052, stack(0x000000017f850000,0x000000017fa40000)]
  0x000000001dc5c000 JavaThread "dfa.memorychecker[165]" daemon [_thread_blocked, id=4156, stack(0x000000017f660000,0x000000017f850000)]
  0x000000001dc58800 JavaThread "dfa.memorychecker[164]" daemon [_thread_blocked, id=5232, stack(0x0000000176820000,0x0000000176a10000)]
  0x000000001dc5b800 JavaThread "dfa.memorychecker[163]" daemon [_thread_blocked, id=5684, stack(0x0000000176090000,0x0000000176280000)]
  0x000000001dc5a000 JavaThread "dfa.memorychecker[162]" daemon [_thread_blocked, id=9668, stack(0x0000000175ea0000,0x0000000176090000)]
  0x000000001dc5a800 JavaThread "dfa.memorychecker[161]" daemon [_thread_blocked, id=9344, stack(0x0000000175cb0000,0x0000000175ea0000)]
  0x000000001dc57000 JavaThread "dfa.memorychecker[160]" daemon [_thread_blocked, id=9204, stack(0x000000016f7a0000,0x000000016f990000)]
  0x000000001dc59000 JavaThread "dfa.memorychecker[159]" daemon [_thread_blocked, id=9872, stack(0x0000000175ac0000,0x0000000175cb0000)]
  0x000000001dc57800 JavaThread "dfa.memorychecker[158]" daemon [_thread_blocked, id=8968, stack(0x000000016a1a0000,0x000000016a390000)]
  0x000000001dc53000 JavaThread "dfa.memorychecker[157]" daemon [_thread_blocked, id=9628, stack(0x000000016ea60000,0x000000016ec50000)]
  0x000000001dc56000 JavaThread "dfa.memorychecker[156]" daemon [_thread_blocked, id=4848, stack(0x0000000169fb0000,0x000000016a1a0000)]
  0x000000001dc55800 JavaThread "dfa.memorychecker[155]" daemon [_thread_blocked, id=160, stack(0x0000000169dc0000,0x0000000169fb0000)]
  0x000000001dc54000 JavaThread "dfa.memorychecker[154]" daemon [_thread_blocked, id=9176, stack(0x0000000169bd0000,0x0000000169dc0000)]
  0x000000001dc54800 JavaThread "dfa.memorychecker[153]" daemon [_thread_blocked, id=8664, stack(0x00000001699e0000,0x0000000169bd0000)]
  0x000000001dc4f800 JavaThread "dfa.memorychecker[152]" daemon [_thread_blocked, id=1436, stack(0x0000000160100000,0x00000001602f0000)]
  0x000000001dc52800 JavaThread "dfa.memorychecker[151]" daemon [_thread_blocked, id=3964, stack(0x000000015f980000,0x000000015fb70000)]
  0x000000001dc4e800 JavaThread "dfa.memorychecker[150]" daemon [_thread_blocked, id=5004, stack(0x000000015f790000,0x000000015f980000)]
  0x000000001dc51000 JavaThread "dfa.memorychecker[149]" daemon [_thread_blocked, id=9520, stack(0x000000015f5a0000,0x000000015f790000)]
  0x000000001dc51800 JavaThread "dfa.memorychecker[148]" daemon [_thread_blocked, id=3236, stack(0x000000015f3b0000,0x000000015f5a0000)]
  0x000000001dc50000 JavaThread "dfa.memorychecker[147]" daemon [_thread_blocked, id=7444, stack(0x000000015caa0000,0x000000015cc90000)]
  0x00000000294c0000 JavaThread "dfa.memorychecker[146]" daemon [_thread_blocked, id=4472, stack(0x000000015b070000,0x000000015b260000)]
  0x00000000294c1800 JavaThread "dfa.memorychecker[145]" daemon [_thread_blocked, id=8936, stack(0x000000015c8b0000,0x000000015caa0000)]
  0x00000000294be000 JavaThread "dfa.memorychecker[144]" daemon [_thread_blocked, id=5264, stack(0x000000014d2b0000,0x000000014d4a0000)]
  0x00000000294c1000 JavaThread "dfa.memorychecker[143]" daemon [_thread_blocked, id=8828, stack(0x000000015a320000,0x000000015a510000)]
  0x00000000294bf800 JavaThread "dfa.memorychecker[142]" daemon [_thread_blocked, id=9536, stack(0x000000014d0c0000,0x000000014d2b0000)]
  0x00000000294be800 JavaThread "dfa.memorychecker[141]" daemon [_thread_blocked, id=5504, stack(0x000000014ced0000,0x000000014d0c0000)]
  0x00000000294ba000 JavaThread "dfa.memorychecker[140]" daemon [_thread_blocked, id=8264, stack(0x000000014cce0000,0x000000014ced0000)]
  0x00000000294bc800 JavaThread "dfa.memorychecker[139]" daemon [_thread_blocked, id=4004, stack(0x000000014caf0000,0x000000014cce0000)]
  0x00000000294bd000 JavaThread "dfa.memorychecker[138]" daemon [_thread_blocked, id=8308, stack(0x000000014a810000,0x000000014aa00000)]
  0x00000000294bb800 JavaThread "dfa.memorychecker[137]" daemon [_thread_blocked, id=5272, stack(0x000000014a090000,0x000000014a280000)]
  0x00000000294b9800 JavaThread "dfa.memorychecker[136]" daemon [_thread_blocked, id=6512, stack(0x0000000149ea0000,0x000000014a090000)]
  0x00000000294bb000 JavaThread "dfa.memorychecker[135]" daemon [_thread_blocked, id=4232, stack(0x0000000149cb0000,0x0000000149ea0000)]
  0x00000000294b8800 JavaThread "dfa.memorychecker[134]" daemon [_thread_blocked, id=1384, stack(0x0000000148800000,0x00000001489f0000)]
  0x00000000294b8000 JavaThread "dfa.memorychecker[133]" daemon [_thread_blocked, id=7764, stack(0x0000000149ac0000,0x0000000149cb0000)]
  0x00000000294b6800 JavaThread "dfa.memorychecker[132]" daemon [_thread_blocked, id=9248, stack(0x00000001411c0000,0x00000001413b0000)]
  0x00000000294b7000 JavaThread "dfa.memorychecker[131]" daemon [_thread_blocked, id=7264, stack(0x0000000147aa0000,0x0000000147c90000)]
  0x00000000294b2800 JavaThread "dfa.memorychecker[130]" daemon [_thread_blocked, id=9868, stack(0x0000000140fd0000,0x00000001411c0000)]
  0x00000000294b5800 JavaThread "dfa.memorychecker[129]" daemon [_thread_blocked, id=8352, stack(0x0000000140de0000,0x0000000140fd0000)]
  0x00000000294b3800 JavaThread "dfa.memorychecker[128]" daemon [_thread_blocked, id=3940, stack(0x0000000140bf0000,0x0000000140de0000)]
  0x00000000294b5000 JavaThread "dfa.memorychecker[127]" daemon [_thread_blocked, id=4240, stack(0x0000000140a00000,0x0000000140bf0000)]
  0x00000000294b4000 JavaThread "dfa.memorychecker[126]" daemon [_thread_blocked, id=7992, stack(0x0000000131050000,0x0000000131240000)]
  0x000000002953a800 JavaThread "dfa.memorychecker[125]" daemon [_thread_blocked, id=3216, stack(0x00000001308b0000,0x0000000130aa0000)]
  0x000000002953b800 JavaThread "dfa.memorychecker[124]" daemon [_thread_blocked, id=3820, stack(0x00000001306c0000,0x00000001308b0000)]
  0x000000002953a000 JavaThread "dfa.memorychecker[123]" daemon [_thread_blocked, id=3188, stack(0x00000001304d0000,0x00000001306c0000)]
  0x0000000029539000 JavaThread "dfa.memorychecker[122]" daemon [_thread_blocked, id=8728, stack(0x000000012c4a0000,0x000000012c690000)]
  0x0000000029535800 JavaThread "dfa.memorychecker[121]" daemon [_thread_blocked, id=8924, stack(0x00000001302e0000,0x00000001304d0000)]
  0x0000000029538800 JavaThread "dfa.memorychecker[120]" daemon [_thread_blocked, id=9040, stack(0x00000001269d0000,0x0000000126bc0000)]
  0x0000000029537000 JavaThread "dfa.memorychecker[119]" daemon [_thread_blocked, id=7976, stack(0x000000012c2b0000,0x000000012c4a0000)]
  0x0000000029536000 JavaThread "dfa.memorychecker[118]" daemon [_thread_blocked, id=5576, stack(0x00000001267e0000,0x00000001269d0000)]
  0x0000000029537800 JavaThread "dfa.memorychecker[117]" daemon [_thread_blocked, id=3584, stack(0x00000001265f0000,0x00000001267e0000)]
  0x0000000029531800 JavaThread "dfa.memorychecker[116]" daemon [_thread_blocked, id=9392, stack(0x0000000126400000,0x00000001265f0000)]
  0x0000000029534800 JavaThread "dfa.memorychecker[115]" daemon [_thread_blocked, id=5748, stack(0x0000000126210000,0x0000000126400000)]
  0x0000000029534000 JavaThread "dfa.memorychecker[114]" daemon [_thread_blocked, id=3144, stack(0x0000000123f50000,0x0000000124140000)]
  0x0000000029532800 JavaThread "dfa.memorychecker[113]" daemon [_thread_blocked, id=8148, stack(0x00000001237b0000,0x00000001239a0000)]
  0x0000000029533000 JavaThread "dfa.memorychecker[112]" daemon [_thread_blocked, id=8760, stack(0x00000001235c0000,0x00000001237b0000)]
  0x000000002952e800 JavaThread "dfa.memorychecker[111]" daemon [_thread_blocked, id=3644, stack(0x00000001233d0000,0x00000001235c0000)]
  0x000000002952e000 JavaThread "dfa.memorychecker[110]" daemon [_thread_blocked, id=4076, stack(0x000000011dec0000,0x000000011e0b0000)]
  0x0000000029530000 JavaThread "dfa.memorychecker[109]" daemon [_thread_blocked, id=3296, stack(0x00000001231e0000,0x00000001233d0000)]
  0x0000000029531000 JavaThread "dfa.memorychecker[108]" daemon [_thread_blocked, id=5332, stack(0x0000000119e10000,0x000000011a000000)]
  0x000000002952f800 JavaThread "dfa.memorychecker[107]" daemon [_thread_blocked, id=9648, stack(0x000000011d160000,0x000000011d350000)]
  0x000000002952c800 JavaThread "dfa.memorychecker[106]" daemon [_thread_blocked, id=9120, stack(0x0000000119c20000,0x0000000119e10000)]
  0x000000002952d000 JavaThread "dfa.memorychecker[105]" daemon [_thread_blocked, id=9800, stack(0x0000000119a30000,0x0000000119c20000)]
  0x0000000028ce4000 JavaThread "dfa.memorychecker[104]" daemon [_thread_blocked, id=2748, stack(0x0000000119840000,0x0000000119a30000)]
  0x0000000028ce3800 JavaThread "dfa.memorychecker[103]" daemon [_thread_blocked, id=9152, stack(0x0000000119650000,0x0000000119840000)]
  0x0000000028ce2800 JavaThread "dfa.memorychecker[102]" daemon [_thread_blocked, id=8384, stack(0x0000000111300000,0x00000001114f0000)]
  0x0000000028cdf800 JavaThread "dfa.memorychecker[101]" daemon [_thread_blocked, id=9736, stack(0x0000000110b60000,0x0000000110d50000)]
  0x0000000028ce1000 JavaThread "dfa.memorychecker[100]" daemon [_thread_blocked, id=8372, stack(0x0000000110970000,0x0000000110b60000)]
  0x0000000028ce0800 JavaThread "dfa.memorychecker[99]" daemon [_thread_blocked, id=5736, stack(0x0000000110780000,0x0000000110970000)]
  0x0000000028ce2000 JavaThread "dfa.memorychecker[98]" daemon [_thread_blocked, id=4172, stack(0x000000010b7c0000,0x000000010b9b0000)]
  0x0000000028cdc000 JavaThread "dfa.memorychecker[97]" daemon [_thread_blocked, id=10156, stack(0x0000000110590000,0x0000000110780000)]
  0x0000000028cdf000 JavaThread "dfa.memorychecker[96]" daemon [_thread_blocked, id=216, stack(0x00000001061b0000,0x00000001063a0000)]
  0x0000000028cdb000 JavaThread "dfa.memorychecker[95]" daemon [_thread_blocked, id=4812, stack(0x000000010aa60000,0x000000010ac50000)]
  0x0000000028cde000 JavaThread "dfa.memorychecker[94]" daemon [_thread_blocked, id=9324, stack(0x0000000105fc0000,0x00000001061b0000)]
  0x0000000028cdd800 JavaThread "dfa.memorychecker[93]" daemon [_thread_blocked, id=8096, stack(0x0000000105dd0000,0x0000000105fc0000)]
  0x0000000028cd9800 JavaThread "dfa.memorychecker[92]" daemon [_thread_blocked, id=6192, stack(0x0000000105be0000,0x0000000105dd0000)]
  0x0000000028cda800 JavaThread "dfa.memorychecker[91]" daemon [_thread_blocked, id=192, stack(0x00000001059f0000,0x0000000105be0000)]
  0x0000000028cdc800 JavaThread "dfa.memorychecker[90]" daemon [_thread_blocked, id=3908, stack(0x00000000fe6c0000,0x00000000fe8b0000)]
  0x0000000028cd6800 JavaThread "dfa.memorychecker[89]" daemon [_thread_blocked, id=4340, stack(0x00000000fdf20000,0x00000000fe110000)]
  0x0000000028cd6000 JavaThread "dfa.memorychecker[88]" daemon [_thread_blocked, id=7796, stack(0x00000000fdd30000,0x00000000fdf20000)]
  0x0000000028cd9000 JavaThread "dfa.memorychecker[87]" daemon [_thread_blocked, id=3804, stack(0x00000000fdb40000,0x00000000fdd30000)]
  0x0000000028cd5000 JavaThread "dfa.memorychecker[86]" daemon [_thread_blocked, id=3888, stack(0x00000000f8600000,0x00000000f87f0000)]
  0x0000000028cd8000 JavaThread "dfa.memorychecker[85]" daemon [_thread_blocked, id=400, stack(0x00000000fd950000,0x00000000fdb40000)]
  0x0000000028cd7800 JavaThread "dfa.memorychecker[84]" daemon [_thread_blocked, id=7736, stack(0x00000000f1a90000,0x00000000f1c80000)]
  0x0000000029afd000 JavaThread "dfa.memorychecker[83]" daemon [_thread_blocked, id=9340, stack(0x00000000f78c0000,0x00000000f7ab0000)]
  0x0000000029afe800 JavaThread "dfa.memorychecker[82]" daemon [_thread_blocked, id=8312, stack(0x00000000f18a0000,0x00000000f1a90000)]
  0x0000000029afc000 JavaThread "dfa.memorychecker[81]" daemon [_thread_blocked, id=4392, stack(0x00000000f16b0000,0x00000000f18a0000)]
  0x0000000029afd800 JavaThread "dfa.memorychecker[80]" daemon [_thread_blocked, id=6224, stack(0x00000000f14c0000,0x00000000f16b0000)]
  0x0000000029aff800 JavaThread "dfa.memorychecker[79]" daemon [_thread_blocked, id=4412, stack(0x00000000f12d0000,0x00000000f14c0000)]
  0x0000000029afa000 JavaThread "dfa.memorychecker[78]" daemon [_thread_blocked, id=6092, stack(0x00000000eba60000,0x00000000ebc50000)]
  0x0000000029afa800 JavaThread "dfa.memorychecker[77]" daemon [_thread_blocked, id=5664, stack(0x00000000eb2e0000,0x00000000eb4d0000)]
  0x0000000029afb800 JavaThread "dfa.memorychecker[76]" daemon [_thread_blocked, id=8700, stack(0x00000000eb0f0000,0x00000000eb2e0000)]
  0x0000000029af6000 JavaThread "dfa.memorychecker[75]" daemon [_thread_blocked, id=792, stack(0x00000000eaf00000,0x00000000eb0f0000)]
  0x0000000029af9000 JavaThread "dfa.memorychecker[74]" daemon [_thread_blocked, id=5996, stack(0x00000000e59e0000,0x00000000e5bd0000)]
  0x0000000029af5800 JavaThread "dfa.memorychecker[73]" daemon [_thread_blocked, id=4600, stack(0x00000000ead10000,0x00000000eaf00000)]
  0x0000000029af8800 JavaThread "dfa.memorychecker[72]" daemon [_thread_blocked, id=4116, stack(0x00000000dd8e0000,0x00000000ddad0000)]
  0x0000000029af7000 JavaThread "dfa.memorychecker[71]" daemon [_thread_blocked, id=9240, stack(0x00000000e4c80000,0x00000000e4e70000)]
  0x0000000029af7800 JavaThread "dfa.memorychecker[70]" daemon [_thread_blocked, id=2552, stack(0x00000000dd6f0000,0x00000000dd8e0000)]
  0x0000000029af1800 JavaThread "dfa.memorychecker[69]" daemon [_thread_blocked, id=4088, stack(0x00000000dd500000,0x00000000dd6f0000)]
  0x0000000029af3000 JavaThread "dfa.memorychecker[68]" daemon [_thread_blocked, id=2504, stack(0x00000000dd310000,0x00000000dd500000)]
  0x0000000029af4800 JavaThread "dfa.memorychecker[67]" daemon [_thread_blocked, id=1660, stack(0x00000000dd120000,0x00000000dd310000)]
  0x0000000029af2800 JavaThread "dfa.memorychecker[66]" daemon [_thread_blocked, id=7856, stack(0x00000000d5dd0000,0x00000000d5fc0000)]
  0x0000000029af4000 JavaThread "dfa.memorychecker[65]" daemon [_thread_blocked, id=6176, stack(0x00000000d5630000,0x00000000d5820000)]
  0x0000000029af1000 JavaThread "dfa.memorychecker[64]" daemon [_thread_blocked, id=4052, stack(0x00000000d5440000,0x00000000d5630000)]
  0x0000000029af0000 JavaThread "dfa.memorychecker[63]" daemon [_thread_blocked, id=8332, stack(0x00000000d5250000,0x00000000d5440000)]
  0x00000000296cd000 JavaThread "dfa.memorychecker[62]" daemon [_thread_blocked, id=4556, stack(0x00000000d2d80000,0x00000000d2f70000)]
  0x00000000296c9800 JavaThread "dfa.memorychecker[61]" daemon [_thread_blocked, id=8540, stack(0x00000000d5060000,0x00000000d5250000)]
  0x00000000296cc800 JavaThread "dfa.memorychecker[60]" daemon [_thread_blocked, id=5472, stack(0x00000000d2600000,0x00000000d27f0000)]
  0x00000000296cb800 JavaThread "dfa.memorychecker[59]" daemon [_thread_blocked, id=9000, stack(0x00000000d2410000,0x00000000d2600000)]
  0x00000000296ca000 JavaThread "dfa.memorychecker[58]" daemon [_thread_blocked, id=9320, stack(0x00000000d2220000,0x00000000d2410000)]
  0x00000000296cb000 JavaThread "dfa.memorychecker[57]" daemon [_thread_blocked, id=8816, stack(0x00000000d2030000,0x00000000d2220000)]
  0x00000000296c5800 JavaThread "dfa.memorychecker[56]" daemon [_thread_blocked, id=440, stack(0x00000000cfd60000,0x00000000cff50000)]
  0x00000000296c8800 JavaThread "dfa.memorychecker[55]" daemon [_thread_blocked, id=5804, stack(0x00000000cf000000,0x00000000cf1f0000)]
  0x00000000296c8000 JavaThread "dfa.memorychecker[54]" daemon [_thread_blocked, id=8184, stack(0x000000007e690000,0x000000007e880000)]
  0x00000000296c6800 JavaThread "dfa.memorychecker[53]" daemon [_thread_blocked, id=7348, stack(0x000000007e4a0000,0x000000007e690000)]
  0x00000000296c4000 JavaThread "dfa.memorychecker[52]" daemon [_thread_blocked, id=7332, stack(0x000000007c4e0000,0x000000007c6d0000)]
  0x00000000296c7000 JavaThread "dfa.memorychecker[51]" daemon [_thread_blocked, id=3496, stack(0x000000007c2f0000,0x000000007c4e0000)]
  0x00000000296c3800 JavaThread "dfa.memorychecker[50]" daemon [_thread_blocked, id=3164, stack(0x000000007c100000,0x000000007c2f0000)]
  0x00000000296c5000 JavaThread "dfa.memorychecker[49]" daemon [_thread_blocked, id=624, stack(0x000000007bf10000,0x000000007c100000)]
  0x00000000296c2800 JavaThread "dfa.memorychecker[48]" daemon [_thread_blocked, id=5216, stack(0x000000006ead0000,0x000000006ecc0000)]
  0x00000000296bf800 JavaThread "dfa.memorychecker[47]" daemon [_thread_blocked, id=9792, stack(0x000000006f2f0000,0x000000006f4e0000)]
  0x00000000296bf000 JavaThread "dfa.memorychecker[46]" daemon [_thread_blocked, id=8100, stack(0x0000000067db0000,0x0000000067fa0000)]
  0x00000000296c2000 JavaThread "dfa.memorychecker[45]" daemon [_thread_blocked, id=1440, stack(0x000000006dd70000,0x000000006df60000)]
  0x00000000296be000 JavaThread "dfa.memorychecker[44]" daemon [_thread_blocked, id=9112, stack(0x0000000067bc0000,0x0000000067db0000)]
  0x00000000296c1000 JavaThread "dfa.memorychecker[43]" daemon [_thread_blocked, id=6460, stack(0x00000000679d0000,0x0000000067bc0000)]
  0x00000000296c0800 JavaThread "dfa.memorychecker[42]" daemon [_thread_blocked, id=6600, stack(0x00000000677e0000,0x00000000679d0000)]
  0x000000002972a000 JavaThread "dfa.memorychecker[41]" daemon [_thread_blocked, id=3720, stack(0x00000000675f0000,0x00000000677e0000)]
  0x0000000029729800 JavaThread "dfa.memorychecker[40]" daemon [_thread_blocked, id=3300, stack(0x000000005dcd0000,0x000000005dec0000)]
  0x000000002972b800 JavaThread "dfa.memorychecker[39]" daemon [_thread_blocked, id=2728, stack(0x000000005dae0000,0x000000005dcd0000)]
  0x000000002972b000 JavaThread "dfa.memorychecker[38]" daemon [_thread_blocked, id=8984, stack(0x000000005d8f0000,0x000000005dae0000)]
  0x0000000029728800 JavaThread "dfa.memorychecker[37]" daemon [_thread_blocked, id=6828, stack(0x000000005d700000,0x000000005d8f0000)]
  0x0000000029725000 JavaThread "dfa.memorychecker[36]" daemon [_thread_blocked, id=9816, stack(0x000000005d510000,0x000000005d700000)]
  0x0000000029727000 JavaThread "dfa.memorychecker[35]" daemon [_thread_blocked, id=5196, stack(0x000000005a260000,0x000000005a450000)]
  0x0000000029728000 JavaThread "dfa.memorychecker[34]" daemon [_thread_blocked, id=5676, stack(0x0000000058660000,0x0000000058850000)]
  0x0000000029725800 JavaThread "dfa.memorychecker[33]" daemon [_thread_blocked, id=9644, stack(0x0000000058470000,0x0000000058660000)]
  0x0000000029723800 JavaThread "dfa.memorychecker[32]" daemon [_thread_blocked, id=4528, stack(0x0000000058280000,0x0000000058470000)]
  0x0000000029724000 JavaThread "dfa.memorychecker[31]" daemon [_thread_blocked, id=5380, stack(0x0000000058090000,0x0000000058280000)]
  0x0000000029726800 JavaThread "dfa.memorychecker[30]" daemon [_thread_blocked, id=8484, stack(0x0000000052570000,0x0000000052760000)]
  0x000000002971f800 JavaThread "dfa.memorychecker[29]" daemon [_thread_blocked, id=9132, stack(0x0000000057ea0000,0x0000000058090000)]
  0x0000000029722800 JavaThread "dfa.memorychecker[28]" daemon [_thread_blocked, id=1636, stack(0x0000000051ca0000,0x0000000051e90000)]
  0x0000000029722000 JavaThread "dfa.memorychecker[27]" daemon [_thread_blocked, id=9004, stack(0x0000000051ab0000,0x0000000051ca0000)]
  0x0000000029721000 JavaThread "dfa.memorychecker[26]" daemon [_thread_blocked, id=188, stack(0x000000004a020000,0x000000004a210000)]
  0x0000000029720800 JavaThread "dfa.memorychecker[25]" daemon [_thread_blocked, id=7548, stack(0x00000000518c0000,0x0000000051ab0000)]
  0x000000002971d800 JavaThread "dfa.memorychecker[24]" daemon [_thread_blocked, id=4144, stack(0x0000000040ee0000,0x00000000410d0000)]
  0x000000002971e000 JavaThread "dfa.memorychecker[23]" daemon [_thread_blocked, id=3228, stack(0x00000000492b0000,0x00000000494a0000)]
  0x000000002971c800 JavaThread "dfa.memorychecker[22]" daemon [_thread_blocked, id=3424, stack(0x0000000040cf0000,0x0000000040ee0000)]
  0x000000002971f000 JavaThread "dfa.memorychecker[21]" daemon [_thread_blocked, id=2616, stack(0x0000000040b00000,0x0000000040cf0000)]
  0x00000000293c2000 JavaThread "dfa.memorychecker[20]" daemon [_thread_blocked, id=9640, stack(0x0000000040910000,0x0000000040b00000)]
  0x00000000293c5000 JavaThread "dfa.memorychecker[19]" daemon [_thread_blocked, id=6824, stack(0x0000000040720000,0x0000000040910000)]
  0x00000000293c3000 JavaThread "dfa.memorychecker[18]" daemon [_thread_blocked, id=3696, stack(0x000000003f450000,0x000000003f640000)]
  0x00000000293c3800 JavaThread "dfa.memorychecker[17]" daemon [_thread_blocked, id=9540, stack(0x000000003ecd0000,0x000000003eec0000)]
  0x00000000293c4800 JavaThread "dfa.memorychecker[16]" daemon [_thread_blocked, id=7492, stack(0x000000003eae0000,0x000000003ecd0000)]
  0x00000000293be800 JavaThread "dfa.memorychecker[15]" daemon [_thread_blocked, id=6556, stack(0x000000003e8f0000,0x000000003eae0000)]
  0x00000000293c1800 JavaThread "dfa.memorychecker[14]" daemon [_thread_blocked, id=8288, stack(0x0000000039ea0000,0x000000003a090000)]
  0x00000000293bf000 JavaThread "dfa.memorychecker[13]" daemon [_thread_blocked, id=900, stack(0x000000003e700000,0x000000003e8f0000)]
  0x00000000293c0800 JavaThread "dfa.memorychecker[12]" daemon [_thread_blocked, id=1056, stack(0x0000000036360000,0x0000000036550000)]
  0x00000000293c0000 JavaThread "dfa.memorychecker[11]" daemon [_thread_blocked, id=7284, stack(0x00000000396a0000,0x0000000039890000)]
  0x0000000028e0e800 JavaThread "dfa.memorychecker[10]" daemon [_thread_blocked, id=1496, stack(0x0000000036170000,0x0000000036360000)]
  0x0000000028e0e000 JavaThread "dfa.memorychecker[9]" daemon [_thread_blocked, id=4928, stack(0x0000000035f80000,0x0000000036170000)]
  0x0000000029341000 JavaThread "dfa.memorychecker[8]" daemon [_thread_blocked, id=7464, stack(0x0000000035d90000,0x0000000035f80000)]
  0x000000002933e800 JavaThread "dfa.memorychecker[7]" daemon [_thread_blocked, id=5636, stack(0x0000000035ba0000,0x0000000035d90000)]
  0x00000000296d5000 JavaThread "dfa.memorychecker[6]" daemon [_thread_blocked, id=260, stack(0x00000000306d0000,0x00000000308c0000)]
  0x00000000296d4000 JavaThread "dfa.memorychecker[5]" daemon [_thread_blocked, id=548, stack(0x00000000304e0000,0x00000000306d0000)]
  0x000000002c1df800 JavaThread "dfa.memorychecker[4]" daemon [_thread_blocked, id=9740, stack(0x000000002e2b0000,0x000000002e4a0000)]
  0x000000002c1df000 JavaThread "dfa.memorychecker[3]" daemon [_thread_blocked, id=4660, stack(0x000000002e0c0000,0x000000002e2b0000)]
  0x000000002c1de800 JavaThread "dfa.memorychecker[2]" daemon [_thread_blocked, id=6376, stack(0x000000002b5c0000,0x000000002b7b0000)]
  0x0000000029180000 JavaThread "dfa.memorychecker[1]" daemon [_thread_blocked, id=10004, stack(0x000000002a910000,0x000000002ab00000)]
  0x000000002936d800 JavaThread "EMF Reference Cleaner" daemon [_thread_blocked, id=1432, stack(0x000000002bb30000,0x000000002bd20000)]
  0x0000000029404000 JavaThread "dfa.memorychecker[0]" daemon [_thread_blocked, id=5148, stack(0x000000002b940000,0x000000002bb30000)]
  0x0000000029750800 JavaThread "AWT-Windows" daemon [_thread_in_native, id=8724, stack(0x000000002ab00000,0x000000002acf0000)]
  0x00000000293e4800 JavaThread "Java2D Disposer" daemon [_thread_blocked, id=6912, stack(0x000000002a720000,0x000000002a910000)]
  0x000000001dc26000 JavaThread "Service Thread" daemon [_thread_blocked, id=600, stack(0x0000000028770000,0x0000000028960000)]
  0x000000001dc18000 JavaThread "C2 CompilerThread1" daemon [_thread_blocked, id=7908, stack(0x0000000028580000,0x0000000028770000)]
  0x000000001dc16800 JavaThread "C2 CompilerThread0" daemon [_thread_blocked, id=8544, stack(0x0000000028390000,0x0000000028580000)]
  0x000000001dc15800 JavaThread "Attach Listener" daemon [_thread_blocked, id=6336, stack(0x00000000281a0000,0x0000000028390000)]
  0x000000001dc12000 JavaThread "Signal Dispatcher" daemon [_thread_blocked, id=9504, stack(0x0000000027fb0000,0x00000000281a0000)]
  0x000000001dbac800 JavaThread "Finalizer" daemon [_thread_blocked, id=6916, stack(0x0000000027dc0000,0x0000000027fb0000)]
  0x000000001dba3800 JavaThread "Reference Handler" daemon [_thread_blocked, id=552, stack(0x0000000027bd0000,0x0000000027dc0000)]
=>0x000000001caf5800 JavaThread "main" [_thread_in_native, id=6488, stack(0x0000000000040000,0x0000000000230000)]

Other Threads:
  0x000000001db9a000 VMThread [stack: 0x00000000279e0000,0x0000000027bd0000] [id=8008]
  0x000000001dc79000 WatcherThread [stack: 0x0000000028960000,0x0000000028b50000] [id=8944]

VM state:not at safepoint (normal execution)

VM Mutex/Monitor currently owned by a thread: None

Heap
 PSYoungGen      total 225728K, used 79968K [0x00000000b9550000, 0x00000000cdff0000, 0x00000000cdff0000)
  eden space 112896K, 64% used [0x00000000b9550000,0x00000000bdcb0f68,0x00000000c0390000)
  from space 112832K, 6% used [0x00000000c71c0000,0x00000000c7877250,0x00000000cdff0000)
  to   space 112832K, 0% used [0x00000000c0390000,0x00000000c0390000,0x00000000c71c0000)
 ParOldGen       total 677248K, used 68944K [0x000000008fff0000, 0x00000000b9550000, 0x00000000b9550000)
  object space 677248K, 10% used [0x000000008fff0000,0x0000000094344308,0x00000000b9550000)
 PSPermGen       total 23168K, used 23126K [0x000000007fff0000, 0x0000000081690000, 0x000000008fff0000)
  object space 23168K, 99% used [0x000000007fff0000,0x0000000081685870,0x0000000081690000)

Card table byte_map: [0x000000001cc80000,0x000000001cf00000] byte_map_base: 0x000000001c880080

Polling page: 0x000000001c540000

Code Cache  [0x00000000213d0000, 0x00000000216c0000, 0x00000000243d0000)
 total_blobs=1408 nmethods=758 adapters=599 free_code_cache=46247Kb largest_free_block=47307840

Compilation events (10 events):
Event: 2818.998 Thread 0x000000001dc16800  792             javax.imageio.ImageTypeSpecifier::createComponentCM (61 bytes)
Event: 2819.008 Thread 0x000000001dc16800 nmethod 792 0x00000000216ac350 code [0x00000000216ac4e0, 0x00000000216ac9f0]
Event: 2840.640 Thread 0x000000001dc18000  793             com.sun.org.apache.xerces.internal.parsers.XML11Configuration::addRecognizedParamsAndSetDefaults (173 bytes)
Event: 2840.681 Thread 0x000000001dc18000 nmethod 793 0x00000000216ad290 code [0x00000000216ad480, 0x00000000216adfd0]
Event: 2841.154 Thread 0x000000001dc16800  794             javax.imageio.ImageTypeSpecifier$Interleaved::<init> (246 bytes)
Event: 2841.169 Thread 0x000000001dc16800 nmethod 794 0x00000000216ab710 code [0x00000000216ab880, 0x00000000216abe88]
Event: 2873.222 Thread 0x000000001dc18000  795             java.awt.image.ComponentColorModel::isCompatibleRaster (77 bytes)
Event: 2873.226 Thread 0x000000001dc18000 nmethod 795 0x0000000021643910 code [0x0000000021643a80, 0x0000000021643c38]
Event: 2873.280 Thread 0x000000001dc16800  796             java.awt.image.BufferedImage::<init> (955 bytes)
Event: 2873.298 Thread 0x000000001dc16800 nmethod 796 0x00000000216b0e50 code [0x00000000216b1020, 0x00000000216b1870]

GC Heap History (10 events):
Event: 2957.823 GC heap before
{Heap before GC invocations=569 (full 96):
 PSYoungGen      total 225728K, used 221271K [0x00000000b9550000, 0x00000000cdff0000, 0x00000000cdff0000)
  eden space 112896K, 97% used [0x00000000b9550000,0x00000000c014aac8,0x00000000c0390000)
  from space 112832K, 98% used [0x00000000c71c0000,0x00000000cdddb400,0x00000000cdff0000)
  to   space 112832K, 0% used [0x00000000c0390000,0x00000000c0390000,0x00000000c71c0000)
 ParOldGen       total 677248K, used 299129K [0x000000008fff0000, 0x00000000b9550000, 0x00000000b9550000)
  object space 677248K, 44% used [0x000000008fff0000,0x00000000a240e620,0x00000000b9550000)
 PSPermGen       total 23168K, used 23105K [0x000000007fff0000, 0x0000000081690000, 0x000000008fff0000)
  object space 23168K, 99% used [0x000000007fff0000,0x0000000081680658,0x0000000081690000)
Event: 2957.825 GC heap after
Heap after GC invocations=569 (full 96):
 PSYoungGen      total 225728K, used 128K [0x00000000b9550000, 0x00000000cdff0000, 0x00000000cdff0000)
  eden space 112896K, 0% used [0x00000000b9550000,0x00000000b9550000,0x00000000c0390000)
  from space 112832K, 0% used [0x00000000c0390000,0x00000000c03b0000,0x00000000c71c0000)
  to   space 112832K, 0% used [0x00000000c71c0000,0x00000000c71c0000,0x00000000cdff0000)
 ParOldGen       total 677248K, used 299145K [0x000000008fff0000, 0x00000000b9550000, 0x00000000b9550000)
  object space 677248K, 44% used [0x000000008fff0000,0x00000000a2412620,0x00000000b9550000)
 PSPermGen       total 23168K, used 23105K [0x000000007fff0000, 0x0000000081690000, 0x000000008fff0000)
  object space 23168K, 99% used [0x000000007fff0000,0x0000000081680658,0x0000000081690000)
}
Event: 2958.097 GC heap before
{Heap before GC invocations=570 (full 96):
 PSYoungGen      total 225728K, used 88524K [0x00000000b9550000, 0x00000000cdff0000, 0x00000000cdff0000)
  eden space 112896K, 78% used [0x00000000b9550000,0x00000000beba3050,0x00000000c0390000)
  from space 112832K, 0% used [0x00000000c0390000,0x00000000c03b0000,0x00000000c71c0000)
  to   space 112832K, 0% used [0x00000000c71c0000,0x00000000c71c0000,0x00000000cdff0000)
 ParOldGen       total 677248K, used 299145K [0x000000008fff0000, 0x00000000b9550000, 0x00000000b9550000)
  object space 677248K, 44% used [0x000000008fff0000,0x00000000a2412620,0x00000000b9550000)
 PSPermGen       total 23168K, used 23105K [0x000000007fff0000, 0x0000000081690000, 0x000000008fff0000)
  object space 23168K, 99% used [0x000000007fff0000,0x0000000081680658,0x0000000081690000)
Event: 2958.134 GC heap after
Heap after GC invocations=570 (full 96):
 PSYoungGen      total 225728K, used 87045K [0x00000000b9550000, 0x00000000cdff0000, 0x00000000cdff0000)
  eden space 112896K, 0% used [0x00000000b9550000,0x00000000b9550000,0x00000000c0390000)
  from space 112832K, 77% used [0x00000000c71c0000,0x00000000cc6c17b8,0x00000000cdff0000)
  to   space 112832K, 0% used [0x00000000c0390000,0x00000000c0390000,0x00000000c71c0000)
 ParOldGen       total 677248K, used 357093K [0x000000008fff0000, 0x00000000b9550000, 0x00000000b9550000)
  object space 677248K, 52% used [0x000000008fff0000,0x00000000a5ca95f0,0x00000000b9550000)
 PSPermGen       total 23168K, used 23105K [0x000000007fff0000, 0x0000000081690000, 0x000000008fff0000)
  object space 23168K, 99% used [0x000000007fff0000,0x0000000081680658,0x0000000081690000)
}
Event: 2958.633 GC heap before
{Heap before GC invocations=571 (full 96):
 PSYoungGen      total 225728K, used 199941K [0x00000000b9550000, 0x00000000cdff0000, 0x00000000cdff0000)
  eden space 112896K, 100% used [0x00000000b9550000,0x00000000c0390000,0x00000000c0390000)
  from space 112832K, 77% used [0x00000000c71c0000,0x00000000cc6c17b8,0x00000000cdff0000)
  to   space 112832K, 0% used [0x00000000c0390000,0x00000000c0390000,0x00000000c71c0000)
 ParOldGen       total 677248K, used 357093K [0x000000008fff0000, 0x00000000b9550000, 0x00000000b9550000)
  object space 677248K, 52% used [0x000000008fff0000,0x00000000a5ca95f0,0x00000000b9550000)
 PSPermGen       total 23168K, used 23105K [0x000000007fff0000, 0x0000000081690000, 0x000000008fff0000)
  object space 23168K, 99% used [0x000000007fff0000,0x0000000081680658,0x0000000081690000)
Event: 2958.667 GC heap after
Heap after GC invocations=571 (full 96):
 PSYoungGen      total 225728K, used 160K [0x00000000b9550000, 0x00000000cdff0000, 0x00000000cdff0000)
  eden space 112896K, 0% used [0x00000000b9550000,0x00000000b9550000,0x00000000c0390000)
  from space 112832K, 0% used [0x00000000c0390000,0x00000000c03b8000,0x00000000c71c0000)
  to   space 112832K, 0% used [0x00000000c71c0000,0x00000000c71c0000,0x00000000cdff0000)
 ParOldGen       total 677248K, used 501935K [0x000000008fff0000, 0x00000000b9550000, 0x00000000b9550000)
  object space 677248K, 74% used [0x000000008fff0000,0x00000000aea1bd78,0x00000000b9550000)
 PSPermGen       total 23168K, used 23105K [0x000000007fff0000, 0x0000000081690000, 0x000000008fff0000)
  object space 23168K, 99% used [0x000000007fff0000,0x0000000081680658,0x0000000081690000)
}
Event: 2958.667 GC heap before
{Heap before GC invocations=572 (full 97):
 PSYoungGen      total 225728K, used 160K [0x00000000b9550000, 0x00000000cdff0000, 0x00000000cdff0000)
  eden space 112896K, 0% used [0x00000000b9550000,0x00000000b9550000,0x00000000c0390000)
  from space 112832K, 0% used [0x00000000c0390000,0x00000000c03b8000,0x00000000c71c0000)
  to   space 112832K, 0% used [0x00000000c71c0000,0x00000000c71c0000,0x00000000cdff0000)
 ParOldGen       total 677248K, used 501935K [0x000000008fff0000, 0x00000000b9550000, 0x00000000b9550000)
  object space 677248K, 74% used [0x000000008fff0000,0x00000000aea1bd78,0x00000000b9550000)
 PSPermGen       total 23168K, used 23105K [0x000000007fff0000, 0x0000000081690000, 0x000000008fff0000)
  object space 23168K, 99% used [0x000000007fff0000,0x0000000081680658,0x0000000081690000)
Event: 2958.752 GC heap after
Heap after GC invocations=572 (full 97):
 PSYoungGen      total 225728K, used 0K [0x00000000b9550000, 0x00000000cdff0000, 0x00000000cdff0000)
  eden space 112896K, 0% used [0x00000000b9550000,0x00000000b9550000,0x00000000c0390000)
  from space 112832K, 0% used [0x00000000c0390000,0x00000000c0390000,0x00000000c71c0000)
  to   space 112832K, 0% used [0x00000000c71c0000,0x00000000c71c0000,0x00000000cdff0000)
 ParOldGen       total 677248K, used 68944K [0x000000008fff0000, 0x00000000b9550000, 0x00000000b9550000)
  object space 677248K, 10% used [0x000000008fff0000,0x0000000094344308,0x00000000b9550000)
 PSPermGen       total 23168K, used 23105K [0x000000007fff0000, 0x0000000081690000, 0x000000008fff0000)
  object space 23168K, 99% used [0x000000007fff0000,0x0000000081680658,0x0000000081690000)
}
Event: 2967.829 GC heap before
{Heap before GC invocations=573 (full 97):
 PSYoungGen      total 225728K, used 112896K [0x00000000b9550000, 0x00000000cdff0000, 0x00000000cdff0000)
  eden space 112896K, 100% used [0x00000000b9550000,0x00000000c0390000,0x00000000c0390000)
  from space 112832K, 0% used [0x00000000c0390000,0x00000000c0390000,0x00000000c71c0000)
  to   space 112832K, 0% used [0x00000000c71c0000,0x00000000c71c0000,0x00000000cdff0000)
 ParOldGen       total 677248K, used 68944K [0x000000008fff0000, 0x00000000b9550000, 0x00000000b9550000)
  object space 677248K, 10% used [0x000000008fff0000,0x0000000094344308,0x00000000b9550000)
 PSPermGen       total 23168K, used 23126K [0x000000007fff0000, 0x0000000081690000, 0x000000008fff0000)
  object space 23168K, 99% used [0x000000007fff0000,0x0000000081685870,0x0000000081690000)
Event: 2967.836 GC heap after
Heap after GC invocations=573 (full 97):
 PSYoungGen      total 225728K, used 6876K [0x00000000b9550000, 0x00000000cdff0000, 0x00000000cdff0000)
  eden space 112896K, 0% used [0x00000000b9550000,0x00000000b9550000,0x00000000c0390000)
  from space 112832K, 6% used [0x00000000c71c0000,0x00000000c7877250,0x00000000cdff0000)
  to   space 112832K, 0% used [0x00000000c0390000,0x00000000c0390000,0x00000000c71c0000)
 ParOldGen       total 677248K, used 68944K [0x000000008fff0000, 0x00000000b9550000, 0x00000000b9550000)
  object space 677248K, 10% used [0x000000008fff0000,0x0000000094344308,0x00000000b9550000)
 PSPermGen       total 23168K, used 23126K [0x000000007fff0000, 0x0000000081690000, 0x000000008fff0000)
  object space 23168K, 99% used [0x000000007fff0000,0x0000000081685870,0x0000000081690000)
}

Deoptimization events (10 events):
Event: 872.071 Thread 0x000000001caf5800 Uncommon trap -75 fr.pc 0x0000000021567bdc
Event: 872.073 Thread 0x000000001caf5800 Uncommon trap -83 fr.pc 0x00000000215678cc
Event: 872.073 Thread 0x000000001caf5800 Uncommon trap -83 fr.pc 0x000000002146ca50
Event: 872.073 Thread 0x000000001caf5800 Uncommon trap -83 fr.pc 0x00000000214651e8
Event: 872.074 Thread 0x000000001caf5800 Uncommon trap -83 fr.pc 0x00000000215e1008
Event: 879.945 Thread 0x000000001dbac800 Uncommon trap -83 fr.pc 0x00000000215e6308
Event: 879.946 Thread 0x000000001dbac800 Uncommon trap -83 fr.pc 0x000000002154d188
Event: 1326.682 Thread 0x000000001caf5800 Uncommon trap -12 fr.pc 0x0000000021643fc4
Event: 1541.225 Thread 0x000000001caf5800 Uncommon trap -12 fr.pc 0x000000002162f588
Event: 2966.396 Thread 0x000000001caf5800 Uncommon trap -83 fr.pc 0x0000000021601624

Internal exceptions (10 events):
Event: 2911.484 Thread 0x000000001caf5800 Threw 0x00000000b9e25128 at C:\jdk7u2_64p\jdk7u21\hotspot\src\share\vm\prims\jvm.cpp:1166
Event: 2921.828 Thread 0x000000001caf5800 Threw 0x00000000b9db50c0 at C:\jdk7u2_64p\jdk7u21\hotspot\src\share\vm\prims\jvm.cpp:1166
Event: 2938.574 Thread 0x000000001caf5800 Threw 0x00000000b9daf4d0 at C:\jdk7u2_64p\jdk7u21\hotspot\src\share\vm\prims\jvm.cpp:1166
Event: 2949.510 Thread 0x000000001caf5800 Threw 0x00000000b9ce4578 at C:\jdk7u2_64p\jdk7u21\hotspot\src\share\vm\prims\jvm.cpp:1166
Event: 2961.863 Thread 0x000000001caf5800 Threw 0x00000000b9da66f0 at C:\jdk7u2_64p\jdk7u21\hotspot\src\share\vm\prims\jvm.cpp:1166
Event: 2966.382 Thread 0x000000001caf5800 Threw 0x00000000bf400f78 at C:\jdk7u2_64p\jdk7u21\hotspot\src\share\vm\prims\jvm.cpp:1166
Event: 2966.396 Thread 0x000000001caf5800 Threw 0x00000000bf409310 at C:\jdk7u2_64p\jdk7u21\hotspot\src\share\vm\prims\jni.cpp:742
Event: 2966.399 Thread 0x000000001caf5800 Threw 0x00000000bf409dc8 at C:\jdk7u2_64p\jdk7u21\hotspot\src\share\vm\prims\jvm.cpp:1166
Event: 2966.402 Thread 0x000000001caf5800 Threw 0x00000000bf412920 at C:\jdk7u2_64p\jdk7u21\hotspot\src\share\vm\prims\jvm.cpp:1166
Event: 2967.664 Thread 0x000000001caf5800 Threw 0x00000000bf4731d8 at C:\jdk7u2_64p\jdk7u21\hotspot\src\share\vm\prims\jvm.cpp:1166

Events (10 events):
Event: 2967.828 Executing VM operation: ParallelGCFailedAllocation
Event: 2967.836 Executing VM operation: ParallelGCFailedAllocation done
Event: 2967.837 Executing VM operation: RevokeBias
Event: 2967.846 Executing VM operation: RevokeBias done
Event: 2967.846 Executing VM operation: RevokeBias
Event: 2967.846 Executing VM operation: RevokeBias done
Event: 2967.855 Executing VM operation: RevokeBias
Event: 2967.855 Executing VM operation: RevokeBias done
Event: 2967.856 Executing VM operation: RevokeBias
Event: 2967.856 Executing VM operation: RevokeBias done


Dynamic libraries:
0x000000001d000000 - 0x000000001d00b000 	C:\Users\Miguel\Anaconda\python.exe
0x00007fff59f00000 - 0x00007fff5a0ac000 	C:\WINDOWS\SYSTEM32\ntdll.dll
0x00007fff57590000 - 0x00007fff576ce000 	C:\WINDOWS\system32\KERNEL32.DLL
0x00007fff57130000 - 0x00007fff57245000 	C:\WINDOWS\system32\KERNELBASE.dll
0x000000001e000000 - 0x000000001e2f3000 	C:\Users\Miguel\Anaconda\python27.dll
0x0000000059ba0000 - 0x0000000059c43000 	C:\WINDOWS\WinSxS\amd64_microsoft.vc90.crt_1fc8b3b9a1e18e3b_9.0.30729.8387_none_08e793bfa83a89b5\MSVCR90.dll
0x00007fff57b30000 - 0x00007fff57ca7000 	C:\WINDOWS\system32\USER32.dll
0x00007fff59e50000 - 0x00007fff59efa000 	C:\WINDOWS\system32\ADVAPI32.dll
0x00007fff57cb0000 - 0x00007fff591c9000 	C:\WINDOWS\system32\SHELL32.dll
0x00007fff59680000 - 0x00007fff597d0000 	C:\WINDOWS\system32\GDI32.dll
0x00007fff59260000 - 0x00007fff5930a000 	C:\WINDOWS\system32\msvcrt.dll
0x00007fff593d0000 - 0x00007fff59429000 	C:\WINDOWS\SYSTEM32\sechost.dll
0x00007fff59ba0000 - 0x00007fff59ce1000 	C:\WINDOWS\system32\RPCRT4.dll
0x00007fff597d0000 - 0x00007fff599e1000 	C:\WINDOWS\SYSTEM32\combase.dll
0x00007fff59610000 - 0x00007fff59664000 	C:\WINDOWS\system32\SHLWAPI.dll
0x00007fff57940000 - 0x00007fff57976000 	C:\WINDOWS\system32\IMM32.DLL
0x00007fff59cf0000 - 0x00007fff59e42000 	C:\WINDOWS\system32\MSCTF.dll
0x0000000180000000 - 0x000000018011f000 	C:\Users\Miguel\Anaconda\DLLs\_hashlib.pyd
0x00007fff56930000 - 0x00007fff56950000 	C:\WINDOWS\SYSTEM32\CRYPTSP.dll
0x00007fff56550000 - 0x00007fff56586000 	C:\WINDOWS\system32\rsaenh.dll
0x00007fff56b80000 - 0x00007fff56ba6000 	C:\WINDOWS\SYSTEM32\bcrypt.dll
0x00007fff56f30000 - 0x00007fff56f3b000 	C:\WINDOWS\SYSTEM32\CRYPTBASE.dll
0x00007fff56ec0000 - 0x00007fff56f23000 	C:\WINDOWS\SYSTEM32\bcryptPrimitives.dll
0x000000001d1a0000 - 0x000000001d1bf000 	C:\Users\Miguel\Anaconda\DLLs\_ctypes.pyd
0x00007fff59a00000 - 0x00007fff59b94000 	C:\WINDOWS\system32\ole32.dll
0x00007fff576d0000 - 0x00007fff57791000 	C:\WINDOWS\system32\OLEAUT32.dll
0x0000000000390000 - 0x000000000039f000 	C:\Users\Miguel\Anaconda\DLLs\_socket.pyd
0x00007fff577a0000 - 0x00007fff577fa000 	C:\WINDOWS\system32\WS2_32.dll
0x00007fff59670000 - 0x00007fff59679000 	C:\WINDOWS\system32\NSI.dll
0x0000000003280000 - 0x0000000003430000 	C:\Users\Miguel\Anaconda\DLLs\_ssl.pyd
0x00007fff57250000 - 0x00007fff5742f000 	C:\WINDOWS\system32\CRYPT32.dll
0x00007fff57110000 - 0x00007fff57121000 	C:\WINDOWS\system32\MSASN1.dll
0x000000001ec80000 - 0x000000001eca5000 	C:\Users\Miguel\Anaconda\lib\site-packages\win32\win32security.pyd
0x00007fff53750000 - 0x00007fff53766000 	C:\WINDOWS\SYSTEM32\NETAPI32.dll
0x000000001e7a0000 - 0x000000001e7c6000 	C:\Users\Miguel\Anaconda\lib\site-packages\win32\pywintypes27.dll
0x00007fff562a0000 - 0x00007fff562ac000 	C:\WINDOWS\SYSTEM32\netutils.dll
0x00007fff56ca0000 - 0x00007fff56cc6000 	C:\WINDOWS\SYSTEM32\srvcli.dll
0x00007fff53710000 - 0x00007fff53727000 	C:\WINDOWS\SYSTEM32\wkscli.dll
0x00007fff50600000 - 0x00007fff5060c000 	C:\WINDOWS\SYSTEM32\Secur32.dll
0x00007fff4cb20000 - 0x00007fff4cb23000 	C:\WINDOWS\SYSTEM32\security.dll
0x00007fff53770000 - 0x00007fff53799000 	C:\WINDOWS\SYSTEM32\ntdsapi.dll
0x00007fff56e90000 - 0x00007fff56ebe000 	C:\WINDOWS\SYSTEM32\SSPICLI.DLL
0x00007fff56690000 - 0x00007fff566cf000 	C:\WINDOWS\SYSTEM32\LOGONCLI.DLL
0x00007fff48d90000 - 0x00007fff48da5000 	C:\WINDOWS\system32\napinsp.dll
0x00007fff48db0000 - 0x00007fff48dca000 	C:\WINDOWS\system32\pnrpnsp.dll
0x00007fff53a60000 - 0x00007fff53a7b000 	C:\WINDOWS\system32\NLAapi.dll
0x00007fff568d0000 - 0x00007fff56929000 	C:\WINDOWS\System32\mswsock.dll
0x00007fff566d0000 - 0x00007fff56774000 	C:\WINDOWS\SYSTEM32\DNSAPI.dll
0x00007fff48dd0000 - 0x00007fff48ddd000 	C:\WINDOWS\System32\winrnr.dll
0x00007fff48de0000 - 0x00007fff48df4000 	C:\WINDOWS\system32\wshbth.dll
0x000000001e8c0000 - 0x000000001e8e4000 	C:\Users\Miguel\Anaconda\lib\site-packages\win32\win32api.pyd
0x00007fff4ea80000 - 0x00007fff4ea8a000 	C:\WINDOWS\SYSTEM32\VERSION.dll
0x00000000003b0000 - 0x00000000003c2000 	C:\Users\Miguel\Anaconda\DLLs\_sqlite3.pyd
0x0000000003430000 - 0x00000000034b7000 	C:\Users\Miguel\Anaconda\DLLs\sqlite3.dll
0x00000000034c0000 - 0x000000000356b000 	C:\Users\Miguel\Anaconda\DLLs\unicodedata.pyd
0x0000000004540000 - 0x0000000004599000 	C:\Users\Miguel\Anaconda\lib\site-packages\zmq\libzmq.pyd
0x0000000059c50000 - 0x0000000059d23000 	C:\WINDOWS\WinSxS\amd64_microsoft.vc90.crt_1fc8b3b9a1e18e3b_9.0.30729.8387_none_08e793bfa83a89b5\MSVCP90.dll
0x0000000000400000 - 0x000000000040e000 	C:\Users\Miguel\Anaconda\lib\site-packages\zmq\backend\cython\constants.pyd
0x0000000000420000 - 0x0000000000427000 	C:\Users\Miguel\Anaconda\lib\site-packages\zmq\backend\cython\error.pyd
0x0000000001d50000 - 0x0000000001d60000 	C:\Users\Miguel\Anaconda\lib\site-packages\zmq\backend\cython\message.pyd
0x0000000001d60000 - 0x0000000001d6c000 	C:\Users\Miguel\Anaconda\lib\site-packages\zmq\backend\cython\context.pyd
0x0000000001d90000 - 0x0000000001da8000 	C:\Users\Miguel\Anaconda\lib\site-packages\zmq\backend\cython\socket.pyd
0x0000000001d70000 - 0x0000000001d7b000 	C:\Users\Miguel\Anaconda\lib\site-packages\zmq\backend\cython\utils.pyd
0x00000000045a0000 - 0x00000000045ac000 	C:\Users\Miguel\Anaconda\lib\site-packages\zmq\backend\cython\_poll.pyd
0x00000000045b0000 - 0x00000000045b7000 	C:\Users\Miguel\Anaconda\lib\site-packages\zmq\backend\cython\_version.pyd
0x00000000045c0000 - 0x00000000045cb000 	C:\Users\Miguel\Anaconda\lib\site-packages\zmq\backend\cython\_device.pyd
0x00000000045d0000 - 0x00000000045db000 	C:\Users\Miguel\Anaconda\DLLs\_multiprocessing.pyd
0x00000000045e0000 - 0x00000000045ec000 	C:\Users\Miguel\Anaconda\lib\site-packages\zmq\devices\monitoredqueue.pyd
0x000000001d110000 - 0x000000001d116000 	C:\Users\Miguel\Anaconda\DLLs\select.pyd
0x00000000045f0000 - 0x00000000045f6000 	C:\Users\Miguel\Anaconda\lib\site-packages\tornado\speedups.pyd
0x00007fff515b0000 - 0x00007fff5161b000 	C:\WINDOWS\System32\fwpuclnt.dll
0x00007fff4caf0000 - 0x00007fff4cafa000 	C:\Windows\System32\rasadhlp.dll
0x00007fff52080000 - 0x00007fff520aa000 	C:\WINDOWS\SYSTEM32\IPHLPAPI.DLL
0x00007fff52460000 - 0x00007fff5246a000 	C:\WINDOWS\SYSTEM32\WINNSI.DLL
0x00007fff53e20000 - 0x00007fff53ed2000 	C:\WINDOWS\SYSTEM32\shcore.dll
0x00000000057a0000 - 0x000000000590e000 	C:\Users\Miguel\Anaconda\lib\site-packages\numpy\core\multiarray.pyd
0x0000000005910000 - 0x0000000005986000 	C:\Users\Miguel\Anaconda\lib\site-packages\numpy\core\umath.pyd
0x0000000005990000 - 0x000000000654c000 	C:\Users\Miguel\Anaconda\lib\site-packages\numpy\core\_dotblas.pyd
0x0000000006550000 - 0x0000000006684000 	C:\Users\Miguel\Anaconda\lib\site-packages\numpy\core\libiomp5md.dll
0x00000000066b0000 - 0x00000000066de000 	C:\Users\Miguel\Anaconda\lib\site-packages\numpy\core\scalarmath.pyd
0x00000000066e0000 - 0x00000000066ea000 	C:\Users\Miguel\Anaconda\lib\site-packages\numpy\lib\_compiled_base.pyd
0x0000000006740000 - 0x00000000072c8000 	C:\Users\Miguel\Anaconda\lib\site-packages\numpy\linalg\lapack_lite.pyd
0x00000000072d0000 - 0x0000000009423000 	C:\Users\Miguel\Anaconda\lib\site-packages\numpy\linalg\_umath_linalg.pyd
0x00000000066f0000 - 0x0000000006704000 	C:\Users\Miguel\Anaconda\lib\site-packages\numpy\fft\fftpack_lite.pyd
0x0000000009430000 - 0x00000000094b1000 	C:\Users\Miguel\Anaconda\lib\site-packages\numpy\random\mtrand.pyd
0x00000000094c0000 - 0x00000000094f5000 	C:\Users\Miguel\Anaconda\lib\site-packages\matplotlib\_path.pyd
0x000000000a4d0000 - 0x000000000a575000 	C:\Users\Miguel\Anaconda\lib\site-packages\matplotlib\ft2font.pyd
0x000000000a580000 - 0x000000000a5c1000 	C:\Users\Miguel\Anaconda\lib\site-packages\matplotlib\_png.pyd
0x0000000006710000 - 0x000000000671f000 	C:\Users\Miguel\Anaconda\DLLs\_tkinter.pyd
0x0000000010000000 - 0x000000001012a000 	C:\Users\Miguel\Anaconda\DLLs\tcl85.dll
0x0000000010220000 - 0x00000000103d5000 	C:\Users\Miguel\Anaconda\DLLs\tk85.dll
0x00007fff57880000 - 0x00007fff57936000 	C:\WINDOWS\system32\COMDLG32.dll
0x00007fff50550000 - 0x00007fff505f4000 	C:\WINDOWS\WinSxS\amd64_microsoft.windows.common-controls_6595b64144ccf1df_5.82.9600.17810_none_34ae2abd958aedeb\COMCTL32.dll
0x000000000a6d0000 - 0x000000000a7ae000 	C:\Users\Miguel\Anaconda\lib\site-packages\PIL\_imaging.pyd
0x000000000a600000 - 0x000000000a609000 	C:\Users\Miguel\Anaconda\lib\site-packages\matplotlib\_cntr.pyd
0x000000000a610000 - 0x000000000a64b000 	C:\Users\Miguel\Anaconda\lib\site-packages\matplotlib\_image.pyd
0x000000000a650000 - 0x000000000a686000 	C:\Users\Miguel\Anaconda\lib\site-packages\matplotlib\_tri.pyd
0x000000000a7b0000 - 0x000000000a808000 	C:\Users\Miguel\Anaconda\lib\site-packages\matplotlib\_qhull.pyd
0x000000000a810000 - 0x000000000a861000 	C:\Users\Miguel\Anaconda\lib\site-packages\matplotlib\backends\_backend_agg.pyd
0x000000000a690000 - 0x000000000a69d000 	C:\Users\Miguel\Anaconda\lib\site-packages\pymc\Container_values.pyd
0x000000000a6a0000 - 0x000000000a6ae000 	C:\Users\Miguel\Anaconda\lib\site-packages\pymc\LazyFunction.pyd
0x000000000b030000 - 0x000000000c034000 	C:\Users\Miguel\Anaconda\lib\site-packages\pymc\flib.pyd
0x000000000c040000 - 0x000000000c1c7000 	C:\Users\Miguel\Anaconda\lib\site-packages\numpy\core\libifcoremd.dll
0x000000000c1d0000 - 0x000000000c51b000 	C:\Users\Miguel\Anaconda\lib\site-packages\numpy\core\libmmd.dll
0x00007fff59240000 - 0x00007fff59256000 	C:\WINDOWS\system32\imagehlp.dll
0x000000000c660000 - 0x000000000c7eb000 	C:\Users\Miguel\Anaconda\lib\site-packages\scipy\special\_ufuncs.pyd
0x000000000c560000 - 0x000000000c577000 	C:\Users\Miguel\Anaconda\lib\site-packages\scipy\special\_ufuncs_cxx.pyd
0x000000000c7f0000 - 0x000000000c8a1000 	C:\Users\Miguel\Anaconda\lib\site-packages\scipy\special\specfun.pyd
0x000000000c8b0000 - 0x000000000e019000 	C:\Users\Miguel\Anaconda\lib\site-packages\scipy\linalg\_fblas.pyd
0x000000000e020000 - 0x000000000f1b4000 	C:\Users\Miguel\Anaconda\lib\site-packages\scipy\linalg\_flinalg.pyd
0x00000000103e0000 - 0x00000000128f7000 	C:\Users\Miguel\Anaconda\lib\site-packages\scipy\linalg\_flapack.pyd
0x000000000c580000 - 0x000000000c5f3000 	C:\Users\Miguel\Anaconda\lib\site-packages\scipy\special\_ellip_harm_2.pyd
0x000000000f1c0000 - 0x000000000f924000 	C:\Users\Miguel\Anaconda\lib\site-packages\scipy\integrate\_odepack.pyd
0x000000000f930000 - 0x000000000f98d000 	C:\Users\Miguel\Anaconda\lib\site-packages\scipy\integrate\_quadpack.pyd
0x0000000012900000 - 0x0000000013668000 	C:\Users\Miguel\Anaconda\lib\site-packages\scipy\integrate\vode.pyd
0x000000000c620000 - 0x000000000c634000 	C:\Users\Miguel\Anaconda\lib\site-packages\scipy\integrate\_dop.pyd
0x0000000013670000 - 0x0000000013dd8000 	C:\Users\Miguel\Anaconda\lib\site-packages\scipy\integrate\lsoda.pyd
0x000000000a6b0000 - 0x000000000a6b9000 	C:\Users\Miguel\Anaconda\lib\site-packages\scipy\stats\futil.pyd
0x000000000c600000 - 0x000000000c60c000 	C:\Users\Miguel\Anaconda\lib\site-packages\scipy\optimize\minpack2.pyd
0x000000000f990000 - 0x000000000f9d8000 	C:\Users\Miguel\Anaconda\lib\site-packages\scipy\optimize\_lbfgsb.pyd
0x000000000c640000 - 0x000000000c64f000 	C:\Users\Miguel\Anaconda\lib\site-packages\scipy\optimize\moduleTNC.pyd
0x000000000f9e0000 - 0x000000000f9f1000 	C:\Users\Miguel\Anaconda\lib\site-packages\scipy\optimize\_cobyla.pyd
0x000000000fa00000 - 0x000000000fa11000 	C:\Users\Miguel\Anaconda\lib\site-packages\scipy\optimize\_slsqp.pyd
0x000000000fa20000 - 0x000000000fa30000 	C:\Users\Miguel\Anaconda\lib\site-packages\scipy\optimize\_minpack.pyd
0x000000000fa30000 - 0x000000000fca8000 	C:\Users\Miguel\Anaconda\lib\site-packages\scipy\sparse\_sparsetools.pyd
0x000000000fcb0000 - 0x000000000fd21000 	C:\Users\Miguel\Anaconda\lib\site-packages\scipy\sparse\_csparsetools.pyd
0x000000000fd30000 - 0x000000000fd5c000 	C:\Users\Miguel\Anaconda\lib\site-packages\scipy\sparse\csgraph\_shortest_path.pyd
0x000000000fd60000 - 0x000000000fd7d000 	C:\Users\Miguel\Anaconda\lib\site-packages\scipy\sparse\csgraph\_tools.pyd

VM Arguments:
jvm_args: -DINTREPID_JAVA_DEBUG=false -Djava.net.useSystemProxies=true -ea -XX:MaxPermSize=256m -XX:-UseCompressedOops -Dlog4j.configuration=conf/log4j.properties -XX:OnError="C:/GeoModeller/GeoModeller2014_x64/bin/BugReport.exe"     hs_err_pid%p.log  -DINTREPID=C:/GeoModeller/GeoModeller2014_x64 -DINTREPID=C:/GeoModeller/GeoModeller2014_x64 -DDFA_MACHINE_TYPE=WIN32 -DINTREPID_TMPDIR=C:/GeoModeller/GeoModeller2014_x64/temp -DINTREPID_MEMORY=512 -DINTREPID_NODES=1 -DrotateToTrueNorth=yes -DfontPath=C:\WINDOWS/Fonts;C:/GeoModeller/GeoModeller2014_x64/font -DddfDir=C:/GeoModeller/GeoModeller2014_x64/examples/ddf -DINTREPID_GRIDMERGE_LARGE=YES -DINTREPIDDATA=C:/GeoModeller/GeoModeller2014_x64/dataset -DINTREPID_NO_BORDER=YES -DINTREPID_CONTOUR_RESOLUTION=0.001 -DINTREPID_STITCH_ENABLE_TILING=TRUE -DINTREPID_AKIMA=1 -DINTREPID_MAX_GRADIENT=2.0 -DINTREPID_MIN_GRADIENT=0.00001 -DINTREPID_FFT_SQUARE=1 -DINTREPID_FFT_ROLLOFF=30 -DINTREPID_RADIAL_MAXIMUM_NUMBER_BINS=1024 -DINTREPID_AIRY_DEPTH=32000 -DINTREPID_SCINTREX_TIMETOL=2 -DINTREPID_LINEAR_ENDPOINTS=yes -DAdjustSpectra=mrad256 -DConvolveImage=cfilter -DConvolve=cfilter -DSpreadSheet=olddbedit -Ddecorrugate=decor -Ddtrans=dtrans -DEuler=euler -DExport=export -DflightEdit=fedit -DFileManager=fmanager -DGamadj=gamadj -DGridFilter=gfilter -DGpsNavigationCorrection=gpsnav -Dgravity=gravity -DGriddingPro=jGridding -Dgridding=jGridding -Dhp_plot=hp_plot -DImport=import -DKeating=keating -DLevelling=newlevel -DlevelPro=newlevel -Dlinefilter=lfilter -DMapComposition=mapcomp -DMapPrint=mapprint -DmicroLevel=mlevel -DProfileEdit=pedit -DProfileExtract=dataset_resampler -DDatasetResampler=dataset_resampler -DProjConvert=projconv -DsurveyDistance=sdist -DStitch=stitch -Dsubsection=subset -Dulevel=ulevel -Dvhbge=vhbge -DvhbgeSpectra=vhbgesp -DWormE=worme -DINTREPIDLOG=C:/GeoModeller/GeoModeller2014_x64/temp/WIN32.Miguel.log -DPATH=C:/GeoModeller/GeoModeller2014_x64/bin;C:/GeoModeller/GeoModeller2014_x64/bin/client;C:/GeoModeller/GeoModeller2014_x64/bin/server -Djava.library.path=C:/GeoModeller/GeoModeller2014_x64/bin;C:/GeoModeller/GeoModeller2014_x64/bin/client;C:/GeoModeller/GeoModeller2014_x64/bin/server 
java_command: <unknown>
Launcher Type: generic

Environment Variables:
PATH=C:\Users\Miguel\Anaconda\lib\site-packages\numpy\core;C:\Program Files (x86)\NVIDIA Corporation\PhysX\Common;C:\Program Files (x86)\Intel\iCLS Client\;C:\Program Files\Intel\iCLS Client\;C:\WINDOWS\system32;C:\WINDOWS;C:\WINDOWS\System32\Wbem;C:\WINDOWS\System32\WindowsPowerShell\v1.0\;C:\Program Files\Intel\Intel(R) Management Engine Components\DAL;C:\Program Files\Intel\Intel(R) Management Engine Components\IPT;C:\Program Files (x86)\Intel\Intel(R) Management Engine Components\DAL;C:\Program Files (x86)\Intel\Intel(R) Management Engine Components\IPT;C:\Program Files\Intel\WiFi\bin\;C:\Program Files\Common Files\Intel\WirelessCommon\;C:\Program Files (x86)\Windows Live\Shared; C:\Users\Miguel\Anaconda;C:\Program Files (x86)\MiKTeX 2.9\miktex\bin\;c:\Program Files (x86)\Microsoft SQL Server\100\Tools\Binn\;c:\Program Files\Microsoft SQL Server\100\Tools\Binn\;c:\Program Files\Microsoft SQL Server\100\DTS\Binn\;C:\TDM-GCC-64\bin;C:\Program Files\Microsoft SQL Server\110\Tools\Binn\;C:\Program Files (x86)\Microsoft SDKs\TypeScript\1.0\;C:\Program Files\Microsoft SQL Server\120\Tools\Binn\;C:\Program Files (x86)\Skype\Phone\;C:\Users\Miguel\Anaconda\Lib\site-packages\pynoddy-0.2-py2.7.egg\noddy;C:\Users\Miguel\Anaconda;C:\Users\Miguel\Anaconda\Scripts;C:\PROGRA~2\GRAPHV~1.38\bin;C:\Program Files\FFMPEG\bin;C:\GeoModeller\GeoModeller2014_x64\bin;C:\Users\Miguel\workspace\pynoddy\noddy;C:\GeoModeller\GeoModeller2014_x64\bin\server;C:\Users\Miguel\AppData\Local\atom\bin
USERNAME=Miguel
OS=Windows_NT
PROCESSOR_IDENTIFIER=Intel64 Family 6 Model 58 Stepping 9, GenuineIntel



---------------  S Y S T E M  ---------------

OS: Windows 8 , 64 bit Build 9200 

CPU:total 4 (2 cores per cpu, 2 threads per core) family 6 model 58 stepping 9, cmov, cx8, fxsr, mmx, sse, sse2, sse3, ssse3, sse4.1, sse4.2, popcnt, avx, ht, tsc, tscinvbit, tscinv

Memory: 4k page, physical 4057608k(339956k free), swap 16640520k(231372k free)

vm_info: Java HotSpot(TM) 64-Bit Server VM (23.21-b01) for windows-amd64 JRE (1.7.0_21-b11), built on Apr  4 2013 08:11:28 by "java_re" with unknown MS VC++:1600

time: Tue Sep 01 15:00:43 2015
elapsed time: 2968 seconds

